<?xml version="1.0" encoding="UTF-8" ?>
<testsuite tests="3" failures="3" name="exselenium.GoogleTest" time="0.01" errors="0" skipped="0">
  <properties>
[...]
</properties>
  <testcase classname="exselenium.GoogleTest" name="exselenium.GoogleTest.test_special_character" time="0.008">
    <failure message="Cannot invoke &quot;org.openqa.selenium.WebDriver.findElement(org.openqa.selenium.By)&quot; because &quot;this.driver&quot; is null" type="java.lang.NullPointerException">java.lang.NullPointerException: Cannot invoke &quot;org.openqa.selenium.WebDriver.findElement(org.openqa.selenium.By)&quot; because &quot;this.driver&quot; is null
	at exselenium.GoogleTest.test_special_character(GoogleTest.java:65)
</failure>
  </testcase>
  <testcase classname="exselenium.GoogleTest" name="exselenium.GoogleTest.test_email_exist" time="0.002">
    <failure message="Cannot invoke &quot;org.openqa.selenium.WebDriver.findElement(org.openqa.selenium.By)&quot; because &quot;this.driver&quot; is null" type="java.lang.NullPointerException">java.lang.NullPointerException: Cannot invoke &quot;org.openqa.selenium.WebDriver.findElement(org.openqa.selenium.By)&quot; because &quot;this.driver&quot; is null
	at exselenium.GoogleTest.test_email_exist(GoogleTest.java:97)
</failure>
  </testcase>
  <testcase classname="exselenium.GoogleTest" name="exselenium.GoogleTest.teste_short_email" time="0">
    <failure message="Cannot invoke &quot;org.openqa.selenium.WebDriver.findElement(org.openqa.selenium.By)&quot; because &quot;this.driver&quot; is null" type="java.lang.NullPointerException">java.lang.NullPointerException: Cannot invoke &quot;org.openqa.selenium.WebDriver.findElement(org.openqa.selenium.By)&quot; because &quot;this.driver&quot; is null
	at exselenium.GoogleTest.teste_short_email(GoogleTest.java:33)
</failure>
  </testcase>
</testsuite>